<?xml version="1.0" encoding="UTF-8" ?>
<testsuite tests="14" failures="0" name="VehicleRegistryTest" time="0.128" errors="0" skipped="0">
  <properties>
    <property name="java.runtime.name" value="OpenJDK Runtime Environment"/>
    <property name="java.vm.version" value="11.0.19+7-post-Ubuntu-0ubuntu122.04.1"/>
    <property name="sun.boot.library.path" value="/usr/lib/jvm/java-11-openjdk-amd64/lib"/>
    <property name="maven.multiModuleProjectDirectory" value="/home/facu/NetBeansProjects/java/mooc/mooc-java-programming-ii/part08-Part08_13.VehicleRegistry"/>
    <property name="java.vm.vendor" value="Ubuntu"/>
    <property name="java.vendor.url" value="https://ubuntu.com/"/>
    <property name="guice.disable.misplaced.annotation.check" value="true"/>
    <property name="path.separator" value=":"/>
    <property name="java.vm.name" value="OpenJDK 64-Bit Server VM"/>
    <property name="sun.os.patch.level" value="unknown"/>
    <property name="user.country" value="US"/>
    <property name="sun.java.launcher" value="SUN_STANDARD"/>
    <property name="test" value="VehicleRegistryTest"/>
    <property name="java.vm.specification.name" value="Java Virtual Machine Specification"/>
    <property name="user.dir" value="/home/facu/NetBeansProjects/java/mooc/mooc-java-programming-ii/part08-Part08_13.VehicleRegistry"/>
    <property name="java.vm.compressedOopsMode" value="Zero based"/>
    <property name="java.runtime.version" value="11.0.19+7-post-Ubuntu-0ubuntu122.04.1"/>
    <property name="java.awt.graphicsenv" value="sun.awt.X11GraphicsEnvironment"/>
    <property name="os.arch" value="amd64"/>
    <property name="java.io.tmpdir" value="/tmp"/>
    <property name="line.separator" value="
"/>
    <property name="java.vm.specification.vendor" value="Oracle Corporation"/>
    <property name="os.name" value="Linux"/>
    <property name="classworlds.conf" value="/snap/tmcbeans/5/tmcbeans/java/maven/bin/m2.conf"/>
    <property name="sun.jnu.encoding" value="UTF-8"/>
    <property name="java.library.path" value="/usr/java/packages/lib:/usr/lib/x86_64-linux-gnu/jni:/lib/x86_64-linux-gnu:/usr/lib/x86_64-linux-gnu:/usr/lib/jni:/lib:/usr/lib"/>
    <property name="jdk.debug" value="release"/>
    <property name="java.class.version" value="55.0"/>
    <property name="java.specification.name" value="Java Platform API Specification"/>
    <property name="sun.management.compiler" value="HotSpot 64-Bit Tiered Compilers"/>
    <property name="os.version" value="6.2.6-76060206-generic"/>
    <property name="user.home" value="/home/facu"/>
    <property name="user.timezone" value="America/Sao_Paulo"/>
    <property name="java.awt.printerjob" value="sun.print.PSPrinterJob"/>
    <property name="file.encoding" value="UTF-8"/>
    <property name="java.specification.version" value="11"/>
    <property name="user.name" value="facu"/>
    <property name="java.class.path" value="/snap/tmcbeans/5/tmcbeans/java/maven/boot/plexus-classworlds-2.5.2.jar"/>
    <property name="org.slf4j.simpleLogger.defaultLogLevel" value="error"/>
    <property name="java.vm.specification.version" value="11"/>
    <property name="sun.arch.data.model" value="64"/>
    <property name="sun.java.command" value="org.codehaus.plexus.classworlds.launcher.Launcher -Dtest=VehicleRegistryTest -T=1 -q surefire:test"/>
    <property name="java.home" value="/usr/lib/jvm/java-11-openjdk-amd64"/>
    <property name="user.language" value="en"/>
    <property name="java.specification.vendor" value="Oracle Corporation"/>
    <property name="awt.toolkit" value="sun.awt.X11.XToolkit"/>
    <property name="java.vm.info" value="mixed mode, sharing"/>
    <property name="java.version" value="11.0.19"/>
    <property name="securerandom.source" value="file:/dev/./urandom"/>
    <property name="java.vendor" value="Ubuntu"/>
    <property name="maven.home" value="/snap/tmcbeans/5/tmcbeans/java/maven"/>
    <property name="file.separator" value="/"/>
    <property name="java.version.date" value="2023-04-18"/>
    <property name="java.vendor.url.bug" value="https://bugs.launchpad.net/ubuntu/+source/openjdk-lts"/>
    <property name="sun.io.unicode.encoding" value="UnicodeLittle"/>
    <property name="sun.cpu.endian" value="little"/>
    <property name="sun.desktop" value="gnome"/>
    <property name="sun.cpu.isalist" value=""/>
  </properties>
  <testcase classname="VehicleRegistryTest" name="equalsMethodForLicensePlate" time="0.002"/>
  <testcase classname="VehicleRegistryTest" name="addSearchRemove" time="0.024"/>
  <testcase classname="VehicleRegistryTest" name="noExtraVariablesInLicensePlate" time="0"/>
  <testcase classname="VehicleRegistryTest" name="hasAHashMap" time="0"/>
  <testcase classname="VehicleRegistryTest" name="licensePlateHashCode" time="0.001"/>
  <testcase classname="VehicleRegistryTest" name="removeMethod" time="0"/>
  <testcase classname="VehicleRegistryTest" name="printOwners" time="0.099"/>
  <testcase classname="VehicleRegistryTest" name="noParamsConstructor" time="0"/>
  <testcase classname="VehicleRegistryTest" name="addMethod" time="0"/>
  <testcase classname="VehicleRegistryTest" name="printLicensePlatesMethod2" time="0"/>
  <testcase classname="VehicleRegistryTest" name="printLicensePlatesMethod" time="0.001"/>
  <testcase classname="VehicleRegistryTest" name="getMethod" time="0.001"/>
  <testcase classname="VehicleRegistryTest" name="classIsPublic" time="0"/>
  <testcase classname="VehicleRegistryTest" name="noExtraVariables" time="0"/>
</testsuite>